<?xml version="1.0" encoding="UTF-8"?>
<testsuite xmlns:xsi="http://www.w3.org/2001/XMLSchema-instance" xsi:noNamespaceSchemaLocation="https://maven.apache.org/surefire/maven-surefire-plugin/xsd/surefire-test-report.xsd" name="fr.l3alr0g.spinel.AppTest" time="0.076" tests="1" errors="0" skipped="0" failures="0">
  <properties>
    <property name="java.specification.version" value="16"/>
    <property name="sun.cpu.isalist" value="amd64"/>
    <property name="sun.jnu.encoding" value="Cp1252"/>
    <property name="java.class.path" value="c:\Users\negre\Documents\GitHub\Spinel\target\test-classes;c:\Users\negre\Documents\GitHub\Spinel\target\classes;C:\Users\negre\.m2\repository\junit\junit\4.11\junit-4.11.jar;C:\Users\negre\.m2\repository\org\hamcrest\hamcrest-core\1.3\hamcrest-core-1.3.jar;C:\Users\negre\.m2\repository\io\github\spair\imgui-java-app\1.82.2\imgui-java-app-1.82.2.jar;C:\Users\negre\.m2\repository\org\lwjgl\lwjgl\3.2.3\lwjgl-3.2.3-natives-linux.jar;C:\Users\negre\.m2\repository\org\lwjgl\lwjgl-glfw\3.2.3\lwjgl-glfw-3.2.3-natives-linux.jar;C:\Users\negre\.m2\repository\org\lwjgl\lwjgl-opengl\3.2.3\lwjgl-opengl-3.2.3-natives-linux.jar;C:\Users\negre\.m2\repository\org\lwjgl\lwjgl\3.2.3\lwjgl-3.2.3-natives-macos.jar;C:\Users\negre\.m2\repository\org\lwjgl\lwjgl-glfw\3.2.3\lwjgl-glfw-3.2.3-natives-macos.jar;C:\Users\negre\.m2\repository\org\lwjgl\lwjgl-opengl\3.2.3\lwjgl-opengl-3.2.3-natives-macos.jar;C:\Users\negre\.m2\repository\io\github\spair\imgui-java-binding\1.82.2\imgui-java-binding-1.82.2.jar;C:\Users\negre\.m2\repository\io\github\spair\imgui-java-lwjgl3\1.82.2\imgui-java-lwjgl3-1.82.2.jar;C:\Users\negre\.m2\repository\org\lwjgl\lwjgl\3.2.3\lwjgl-3.2.3.jar;C:\Users\negre\.m2\repository\org\lwjgl\lwjgl-assimp\3.2.3\lwjgl-assimp-3.2.3.jar;C:\Users\negre\.m2\repository\org\lwjgl\lwjgl-bgfx\3.2.3\lwjgl-bgfx-3.2.3.jar;C:\Users\negre\.m2\repository\org\lwjgl\lwjgl-cuda\3.2.3\lwjgl-cuda-3.2.3.jar;C:\Users\negre\.m2\repository\org\lwjgl\lwjgl-egl\3.2.3\lwjgl-egl-3.2.3.jar;C:\Users\negre\.m2\repository\org\lwjgl\lwjgl-glfw\3.2.3\lwjgl-glfw-3.2.3.jar;C:\Users\negre\.m2\repository\org\lwjgl\lwjgl-jawt\3.2.3\lwjgl-jawt-3.2.3.jar;C:\Users\negre\.m2\repository\org\lwjgl\lwjgl-jemalloc\3.2.3\lwjgl-jemalloc-3.2.3.jar;C:\Users\negre\.m2\repository\org\lwjgl\lwjgl-libdivide\3.2.3\lwjgl-libdivide-3.2.3.jar;C:\Users\negre\.m2\repository\org\lwjgl\lwjgl-llvm\3.2.3\lwjgl-llvm-3.2.3.jar;C:\Users\negre\.m2\repository\org\lwjgl\lwjgl-lmdb\3.2.3\lwjgl-lmdb-3.2.3.jar;C:\Users\negre\.m2\repository\org\lwjgl\lwjgl-lz4\3.2.3\lwjgl-lz4-3.2.3.jar;C:\Users\negre\.m2\repository\org\lwjgl\lwjgl-meow\3.2.3\lwjgl-meow-3.2.3.jar;C:\Users\negre\.m2\repository\org\lwjgl\lwjgl-nanovg\3.2.3\lwjgl-nanovg-3.2.3.jar;C:\Users\negre\.m2\repository\org\lwjgl\lwjgl-nfd\3.2.3\lwjgl-nfd-3.2.3.jar;C:\Users\negre\.m2\repository\org\lwjgl\lwjgl-nuklear\3.2.3\lwjgl-nuklear-3.2.3.jar;C:\Users\negre\.m2\repository\org\lwjgl\lwjgl-odbc\3.2.3\lwjgl-odbc-3.2.3.jar;C:\Users\negre\.m2\repository\org\lwjgl\lwjgl-openal\3.2.3\lwjgl-openal-3.2.3.jar;C:\Users\negre\.m2\repository\org\lwjgl\lwjgl-opencl\3.2.3\lwjgl-opencl-3.2.3.jar;C:\Users\negre\.m2\repository\org\lwjgl\lwjgl-opengl\3.2.3\lwjgl-opengl-3.2.3.jar;C:\Users\negre\.m2\repository\org\lwjgl\lwjgl-opengles\3.2.3\lwjgl-opengles-3.2.3.jar;C:\Users\negre\.m2\repository\org\lwjgl\lwjgl-openvr\3.2.3\lwjgl-openvr-3.2.3.jar;C:\Users\negre\.m2\repository\org\lwjgl\lwjgl-opus\3.2.3\lwjgl-opus-3.2.3.jar;C:\Users\negre\.m2\repository\org\lwjgl\lwjgl-ovr\3.2.3\lwjgl-ovr-3.2.3.jar;C:\Users\negre\.m2\repository\org\lwjgl\lwjgl-par\3.2.3\lwjgl-par-3.2.3.jar;C:\Users\negre\.m2\repository\org\lwjgl\lwjgl-remotery\3.2.3\lwjgl-remotery-3.2.3.jar;C:\Users\negre\.m2\repository\org\lwjgl\lwjgl-rpmalloc\3.2.3\lwjgl-rpmalloc-3.2.3.jar;C:\Users\negre\.m2\repository\org\lwjgl\lwjgl-shaderc\3.2.3\lwjgl-shaderc-3.2.3.jar;C:\Users\negre\.m2\repository\org\lwjgl\lwjgl-sse\3.2.3\lwjgl-sse-3.2.3.jar;C:\Users\negre\.m2\repository\org\lwjgl\lwjgl-stb\3.2.3\lwjgl-stb-3.2.3.jar;C:\Users\negre\.m2\repository\org\lwjgl\lwjgl-tinyexr\3.2.3\lwjgl-tinyexr-3.2.3.jar;C:\Users\negre\.m2\repository\org\lwjgl\lwjgl-tinyfd\3.2.3\lwjgl-tinyfd-3.2.3.jar;C:\Users\negre\.m2\repository\org\lwjgl\lwjgl-tootle\3.2.3\lwjgl-tootle-3.2.3.jar;C:\Users\negre\.m2\repository\org\lwjgl\lwjgl-vma\3.2.3\lwjgl-vma-3.2.3.jar;C:\Users\negre\.m2\repository\org\lwjgl\lwjgl-vulkan\3.2.3\lwjgl-vulkan-3.2.3.jar;C:\Users\negre\.m2\repository\org\lwjgl\lwjgl-xxhash\3.2.3\lwjgl-xxhash-3.2.3.jar;C:\Users\negre\.m2\repository\org\lwjgl\lwjgl-yoga\3.2.3\lwjgl-yoga-3.2.3.jar;C:\Users\negre\.m2\repository\org\lwjgl\lwjgl-zstd\3.2.3\lwjgl-zstd-3.2.3.jar;C:\Users\negre\.m2\repository\org\lwjgl\lwjgl\3.2.3\lwjgl-3.2.3-natives-windows.jar;C:\Users\negre\.m2\repository\org\lwjgl\lwjgl-assimp\3.2.3\lwjgl-assimp-3.2.3-natives-windows.jar;C:\Users\negre\.m2\repository\org\lwjgl\lwjgl-bgfx\3.2.3\lwjgl-bgfx-3.2.3-natives-windows.jar;C:\Users\negre\.m2\repository\org\lwjgl\lwjgl-glfw\3.2.3\lwjgl-glfw-3.2.3-natives-windows.jar;C:\Users\negre\.m2\repository\org\lwjgl\lwjgl-jemalloc\3.2.3\lwjgl-jemalloc-3.2.3-natives-windows.jar;C:\Users\negre\.m2\repository\org\lwjgl\lwjgl-libdivide\3.2.3\lwjgl-libdivide-3.2.3-natives-windows.jar;C:\Users\negre\.m2\repository\org\lwjgl\lwjgl-llvm\3.2.3\lwjgl-llvm-3.2.3-natives-windows.jar;C:\Users\negre\.m2\repository\org\lwjgl\lwjgl-lmdb\3.2.3\lwjgl-lmdb-3.2.3-natives-windows.jar;C:\Users\negre\.m2\repository\org\lwjgl\lwjgl-lz4\3.2.3\lwjgl-lz4-3.2.3-natives-windows.jar;C:\Users\negre\.m2\repository\org\lwjgl\lwjgl-meow\3.2.3\lwjgl-meow-3.2.3-natives-windows.jar;C:\Users\negre\.m2\repository\org\lwjgl\lwjgl-nanovg\3.2.3\lwjgl-nanovg-3.2.3-natives-windows.jar;C:\Users\negre\.m2\repository\org\lwjgl\lwjgl-nfd\3.2.3\lwjgl-nfd-3.2.3-natives-windows.jar;C:\Users\negre\.m2\repository\org\lwjgl\lwjgl-nuklear\3.2.3\lwjgl-nuklear-3.2.3-natives-windows.jar;C:\Users\negre\.m2\repository\org\lwjgl\lwjgl-openal\3.2.3\lwjgl-openal-3.2.3-natives-windows.jar;C:\Users\negre\.m2\repository\org\lwjgl\lwjgl-opengl\3.2.3\lwjgl-opengl-3.2.3-natives-windows.jar;C:\Users\negre\.m2\repository\org\lwjgl\lwjgl-opengles\3.2.3\lwjgl-opengles-3.2.3-natives-windows.jar;C:\Users\negre\.m2\repository\org\lwjgl\lwjgl-openvr\3.2.3\lwjgl-openvr-3.2.3-natives-windows.jar;C:\Users\negre\.m2\repository\org\lwjgl\lwjgl-opus\3.2.3\lwjgl-opus-3.2.3-natives-windows.jar;C:\Users\negre\.m2\repository\org\lwjgl\lwjgl-ovr\3.2.3\lwjgl-ovr-3.2.3-natives-windows.jar;C:\Users\negre\.m2\repository\org\lwjgl\lwjgl-par\3.2.3\lwjgl-par-3.2.3-natives-windows.jar;C:\Users\negre\.m2\repository\org\lwjgl\lwjgl-remotery\3.2.3\lwjgl-remotery-3.2.3-natives-windows.jar;C:\Users\negre\.m2\repository\org\lwjgl\lwjgl-rpmalloc\3.2.3\lwjgl-rpmalloc-3.2.3-natives-windows.jar;C:\Users\negre\.m2\repository\org\lwjgl\lwjgl-shaderc\3.2.3\lwjgl-shaderc-3.2.3-natives-windows.jar;C:\Users\negre\.m2\repository\org\lwjgl\lwjgl-sse\3.2.3\lwjgl-sse-3.2.3-natives-windows.jar;C:\Users\negre\.m2\repository\org\lwjgl\lwjgl-stb\3.2.3\lwjgl-stb-3.2.3-natives-windows.jar;C:\Users\negre\.m2\repository\org\lwjgl\lwjgl-tinyexr\3.2.3\lwjgl-tinyexr-3.2.3-natives-windows.jar;C:\Users\negre\.m2\repository\org\lwjgl\lwjgl-tinyfd\3.2.3\lwjgl-tinyfd-3.2.3-natives-windows.jar;C:\Users\negre\.m2\repository\org\lwjgl\lwjgl-tootle\3.2.3\lwjgl-tootle-3.2.3-natives-windows.jar;C:\Users\negre\.m2\repository\org\lwjgl\lwjgl-vma\3.2.3\lwjgl-vma-3.2.3-natives-windows.jar;C:\Users\negre\.m2\repository\org\lwjgl\lwjgl-xxhash\3.2.3\lwjgl-xxhash-3.2.3-natives-windows.jar;C:\Users\negre\.m2\repository\org\lwjgl\lwjgl-yoga\3.2.3\lwjgl-yoga-3.2.3-natives-windows.jar;C:\Users\negre\.m2\repository\org\lwjgl\lwjgl-zstd\3.2.3\lwjgl-zstd-3.2.3-natives-windows.jar;"/>
    <property name="java.vm.vendor" value="Oracle Corporation"/>
    <property name="sun.arch.data.model" value="64"/>
    <property name="user.variant" value=""/>
    <property name="java.vendor.url" value="https://java.oracle.com/"/>
    <property name="user.timezone" value="Europe/Paris"/>
    <property name="os.name" value="Windows 10"/>
    <property name="java.vm.specification.version" value="16"/>
    <property name="sun.java.launcher" value="SUN_STANDARD"/>
    <property name="user.country" value="FR"/>
    <property name="sun.boot.library.path" value="C:\Program Files\Java\jdk-16\bin"/>
    <property name="sun.java.command" value="C:\Users\negre\AppData\Local\Temp\surefire2325206381015303913\surefirebooter2682019889153123280.jar C:\Users\negre\AppData\Local\Temp\surefire2325206381015303913 2021-06-01T15-12-30_485-jvmRun1 surefire1222247594333305885tmp surefire_08375238214418882317tmp"/>
    <property name="jdk.debug" value="release"/>
    <property name="surefire.test.class.path" value="c:\Users\negre\Documents\GitHub\Spinel\target\test-classes;c:\Users\negre\Documents\GitHub\Spinel\target\classes;C:\Users\negre\.m2\repository\junit\junit\4.11\junit-4.11.jar;C:\Users\negre\.m2\repository\org\hamcrest\hamcrest-core\1.3\hamcrest-core-1.3.jar;C:\Users\negre\.m2\repository\io\github\spair\imgui-java-app\1.82.2\imgui-java-app-1.82.2.jar;C:\Users\negre\.m2\repository\org\lwjgl\lwjgl\3.2.3\lwjgl-3.2.3-natives-linux.jar;C:\Users\negre\.m2\repository\org\lwjgl\lwjgl-glfw\3.2.3\lwjgl-glfw-3.2.3-natives-linux.jar;C:\Users\negre\.m2\repository\org\lwjgl\lwjgl-opengl\3.2.3\lwjgl-opengl-3.2.3-natives-linux.jar;C:\Users\negre\.m2\repository\org\lwjgl\lwjgl\3.2.3\lwjgl-3.2.3-natives-macos.jar;C:\Users\negre\.m2\repository\org\lwjgl\lwjgl-glfw\3.2.3\lwjgl-glfw-3.2.3-natives-macos.jar;C:\Users\negre\.m2\repository\org\lwjgl\lwjgl-opengl\3.2.3\lwjgl-opengl-3.2.3-natives-macos.jar;C:\Users\negre\.m2\repository\io\github\spair\imgui-java-binding\1.82.2\imgui-java-binding-1.82.2.jar;C:\Users\negre\.m2\repository\io\github\spair\imgui-java-lwjgl3\1.82.2\imgui-java-lwjgl3-1.82.2.jar;C:\Users\negre\.m2\repository\org\lwjgl\lwjgl\3.2.3\lwjgl-3.2.3.jar;C:\Users\negre\.m2\repository\org\lwjgl\lwjgl-assimp\3.2.3\lwjgl-assimp-3.2.3.jar;C:\Users\negre\.m2\repository\org\lwjgl\lwjgl-bgfx\3.2.3\lwjgl-bgfx-3.2.3.jar;C:\Users\negre\.m2\repository\org\lwjgl\lwjgl-cuda\3.2.3\lwjgl-cuda-3.2.3.jar;C:\Users\negre\.m2\repository\org\lwjgl\lwjgl-egl\3.2.3\lwjgl-egl-3.2.3.jar;C:\Users\negre\.m2\repository\org\lwjgl\lwjgl-glfw\3.2.3\lwjgl-glfw-3.2.3.jar;C:\Users\negre\.m2\repository\org\lwjgl\lwjgl-jawt\3.2.3\lwjgl-jawt-3.2.3.jar;C:\Users\negre\.m2\repository\org\lwjgl\lwjgl-jemalloc\3.2.3\lwjgl-jemalloc-3.2.3.jar;C:\Users\negre\.m2\repository\org\lwjgl\lwjgl-libdivide\3.2.3\lwjgl-libdivide-3.2.3.jar;C:\Users\negre\.m2\repository\org\lwjgl\lwjgl-llvm\3.2.3\lwjgl-llvm-3.2.3.jar;C:\Users\negre\.m2\repository\org\lwjgl\lwjgl-lmdb\3.2.3\lwjgl-lmdb-3.2.3.jar;C:\Users\negre\.m2\repository\org\lwjgl\lwjgl-lz4\3.2.3\lwjgl-lz4-3.2.3.jar;C:\Users\negre\.m2\repository\org\lwjgl\lwjgl-meow\3.2.3\lwjgl-meow-3.2.3.jar;C:\Users\negre\.m2\repository\org\lwjgl\lwjgl-nanovg\3.2.3\lwjgl-nanovg-3.2.3.jar;C:\Users\negre\.m2\repository\org\lwjgl\lwjgl-nfd\3.2.3\lwjgl-nfd-3.2.3.jar;C:\Users\negre\.m2\repository\org\lwjgl\lwjgl-nuklear\3.2.3\lwjgl-nuklear-3.2.3.jar;C:\Users\negre\.m2\repository\org\lwjgl\lwjgl-odbc\3.2.3\lwjgl-odbc-3.2.3.jar;C:\Users\negre\.m2\repository\org\lwjgl\lwjgl-openal\3.2.3\lwjgl-openal-3.2.3.jar;C:\Users\negre\.m2\repository\org\lwjgl\lwjgl-opencl\3.2.3\lwjgl-opencl-3.2.3.jar;C:\Users\negre\.m2\repository\org\lwjgl\lwjgl-opengl\3.2.3\lwjgl-opengl-3.2.3.jar;C:\Users\negre\.m2\repository\org\lwjgl\lwjgl-opengles\3.2.3\lwjgl-opengles-3.2.3.jar;C:\Users\negre\.m2\repository\org\lwjgl\lwjgl-openvr\3.2.3\lwjgl-openvr-3.2.3.jar;C:\Users\negre\.m2\repository\org\lwjgl\lwjgl-opus\3.2.3\lwjgl-opus-3.2.3.jar;C:\Users\negre\.m2\repository\org\lwjgl\lwjgl-ovr\3.2.3\lwjgl-ovr-3.2.3.jar;C:\Users\negre\.m2\repository\org\lwjgl\lwjgl-par\3.2.3\lwjgl-par-3.2.3.jar;C:\Users\negre\.m2\repository\org\lwjgl\lwjgl-remotery\3.2.3\lwjgl-remotery-3.2.3.jar;C:\Users\negre\.m2\repository\org\lwjgl\lwjgl-rpmalloc\3.2.3\lwjgl-rpmalloc-3.2.3.jar;C:\Users\negre\.m2\repository\org\lwjgl\lwjgl-shaderc\3.2.3\lwjgl-shaderc-3.2.3.jar;C:\Users\negre\.m2\repository\org\lwjgl\lwjgl-sse\3.2.3\lwjgl-sse-3.2.3.jar;C:\Users\negre\.m2\repository\org\lwjgl\lwjgl-stb\3.2.3\lwjgl-stb-3.2.3.jar;C:\Users\negre\.m2\repository\org\lwjgl\lwjgl-tinyexr\3.2.3\lwjgl-tinyexr-3.2.3.jar;C:\Users\negre\.m2\repository\org\lwjgl\lwjgl-tinyfd\3.2.3\lwjgl-tinyfd-3.2.3.jar;C:\Users\negre\.m2\repository\org\lwjgl\lwjgl-tootle\3.2.3\lwjgl-tootle-3.2.3.jar;C:\Users\negre\.m2\repository\org\lwjgl\lwjgl-vma\3.2.3\lwjgl-vma-3.2.3.jar;C:\Users\negre\.m2\repository\org\lwjgl\lwjgl-vulkan\3.2.3\lwjgl-vulkan-3.2.3.jar;C:\Users\negre\.m2\repository\org\lwjgl\lwjgl-xxhash\3.2.3\lwjgl-xxhash-3.2.3.jar;C:\Users\negre\.m2\repository\org\lwjgl\lwjgl-yoga\3.2.3\lwjgl-yoga-3.2.3.jar;C:\Users\negre\.m2\repository\org\lwjgl\lwjgl-zstd\3.2.3\lwjgl-zstd-3.2.3.jar;C:\Users\negre\.m2\repository\org\lwjgl\lwjgl\3.2.3\lwjgl-3.2.3-natives-windows.jar;C:\Users\negre\.m2\repository\org\lwjgl\lwjgl-assimp\3.2.3\lwjgl-assimp-3.2.3-natives-windows.jar;C:\Users\negre\.m2\repository\org\lwjgl\lwjgl-bgfx\3.2.3\lwjgl-bgfx-3.2.3-natives-windows.jar;C:\Users\negre\.m2\repository\org\lwjgl\lwjgl-glfw\3.2.3\lwjgl-glfw-3.2.3-natives-windows.jar;C:\Users\negre\.m2\repository\org\lwjgl\lwjgl-jemalloc\3.2.3\lwjgl-jemalloc-3.2.3-natives-windows.jar;C:\Users\negre\.m2\repository\org\lwjgl\lwjgl-libdivide\3.2.3\lwjgl-libdivide-3.2.3-natives-windows.jar;C:\Users\negre\.m2\repository\org\lwjgl\lwjgl-llvm\3.2.3\lwjgl-llvm-3.2.3-natives-windows.jar;C:\Users\negre\.m2\repository\org\lwjgl\lwjgl-lmdb\3.2.3\lwjgl-lmdb-3.2.3-natives-windows.jar;C:\Users\negre\.m2\repository\org\lwjgl\lwjgl-lz4\3.2.3\lwjgl-lz4-3.2.3-natives-windows.jar;C:\Users\negre\.m2\repository\org\lwjgl\lwjgl-meow\3.2.3\lwjgl-meow-3.2.3-natives-windows.jar;C:\Users\negre\.m2\repository\org\lwjgl\lwjgl-nanovg\3.2.3\lwjgl-nanovg-3.2.3-natives-windows.jar;C:\Users\negre\.m2\repository\org\lwjgl\lwjgl-nfd\3.2.3\lwjgl-nfd-3.2.3-natives-windows.jar;C:\Users\negre\.m2\repository\org\lwjgl\lwjgl-nuklear\3.2.3\lwjgl-nuklear-3.2.3-natives-windows.jar;C:\Users\negre\.m2\repository\org\lwjgl\lwjgl-openal\3.2.3\lwjgl-openal-3.2.3-natives-windows.jar;C:\Users\negre\.m2\repository\org\lwjgl\lwjgl-opengl\3.2.3\lwjgl-opengl-3.2.3-natives-windows.jar;C:\Users\negre\.m2\repository\org\lwjgl\lwjgl-opengles\3.2.3\lwjgl-opengles-3.2.3-natives-windows.jar;C:\Users\negre\.m2\repository\org\lwjgl\lwjgl-openvr\3.2.3\lwjgl-openvr-3.2.3-natives-windows.jar;C:\Users\negre\.m2\repository\org\lwjgl\lwjgl-opus\3.2.3\lwjgl-opus-3.2.3-natives-windows.jar;C:\Users\negre\.m2\repository\org\lwjgl\lwjgl-ovr\3.2.3\lwjgl-ovr-3.2.3-natives-windows.jar;C:\Users\negre\.m2\repository\org\lwjgl\lwjgl-par\3.2.3\lwjgl-par-3.2.3-natives-windows.jar;C:\Users\negre\.m2\repository\org\lwjgl\lwjgl-remotery\3.2.3\lwjgl-remotery-3.2.3-natives-windows.jar;C:\Users\negre\.m2\repository\org\lwjgl\lwjgl-rpmalloc\3.2.3\lwjgl-rpmalloc-3.2.3-natives-windows.jar;C:\Users\negre\.m2\repository\org\lwjgl\lwjgl-shaderc\3.2.3\lwjgl-shaderc-3.2.3-natives-windows.jar;C:\Users\negre\.m2\repository\org\lwjgl\lwjgl-sse\3.2.3\lwjgl-sse-3.2.3-natives-windows.jar;C:\Users\negre\.m2\repository\org\lwjgl\lwjgl-stb\3.2.3\lwjgl-stb-3.2.3-natives-windows.jar;C:\Users\negre\.m2\repository\org\lwjgl\lwjgl-tinyexr\3.2.3\lwjgl-tinyexr-3.2.3-natives-windows.jar;C:\Users\negre\.m2\repository\org\lwjgl\lwjgl-tinyfd\3.2.3\lwjgl-tinyfd-3.2.3-natives-windows.jar;C:\Users\negre\.m2\repository\org\lwjgl\lwjgl-tootle\3.2.3\lwjgl-tootle-3.2.3-natives-windows.jar;C:\Users\negre\.m2\repository\org\lwjgl\lwjgl-vma\3.2.3\lwjgl-vma-3.2.3-natives-windows.jar;C:\Users\negre\.m2\repository\org\lwjgl\lwjgl-xxhash\3.2.3\lwjgl-xxhash-3.2.3-natives-windows.jar;C:\Users\negre\.m2\repository\org\lwjgl\lwjgl-yoga\3.2.3\lwjgl-yoga-3.2.3-natives-windows.jar;C:\Users\negre\.m2\repository\org\lwjgl\lwjgl-zstd\3.2.3\lwjgl-zstd-3.2.3-natives-windows.jar;"/>
    <property name="sun.cpu.endian" value="little"/>
    <property name="user.home" value="C:\Users\negre"/>
    <property name="user.language" value="fr"/>
    <property name="java.specification.vendor" value="Oracle Corporation"/>
    <property name="java.version.date" value="2021-03-16"/>
    <property name="java.home" value="C:\Program Files\Java\jdk-16"/>
    <property name="file.separator" value="\"/>
    <property name="basedir" value="c:\Users\negre\Documents\GitHub\Spinel"/>
    <property name="java.vm.compressedOopsMode" value="Zero based"/>
    <property name="line.separator" value="&#10;"/>
    <property name="java.vm.specification.vendor" value="Oracle Corporation"/>
    <property name="java.specification.name" value="Java Platform API Specification"/>
    <property name="surefire.real.class.path" value="C:\Users\negre\AppData\Local\Temp\surefire2325206381015303913\surefirebooter2682019889153123280.jar"/>
    <property name="user.script" value=""/>
    <property name="sun.management.compiler" value="HotSpot 64-Bit Tiered Compilers"/>
    <property name="java.runtime.version" value="16+36-2231"/>
    <property name="user.name" value="balrog"/>
    <property name="path.separator" value=";"/>
    <property name="os.version" value="10.0"/>
    <property name="java.runtime.name" value="Java(TM) SE Runtime Environment"/>
    <property name="file.encoding" value="Cp1252"/>
    <property name="java.vm.name" value="Java HotSpot(TM) 64-Bit Server VM"/>
    <property name="localRepository" value="C:\Users\negre\.m2\repository"/>
    <property name="java.vendor.url.bug" value="https://bugreport.java.com/bugreport/"/>
    <property name="java.io.tmpdir" value="C:\Users\negre\AppData\Local\Temp\"/>
    <property name="java.version" value="16"/>
    <property name="user.dir" value="c:\Users\negre\Documents\GitHub\Spinel"/>
    <property name="os.arch" value="amd64"/>
    <property name="java.vm.specification.name" value="Java Virtual Machine Specification"/>
    <property name="sun.os.patch.level" value=""/>
    <property name="java.library.path" value="C:\Program Files\Java\jdk-16\bin;C:\WINDOWS\Sun\Java\bin;C:\WINDOWS\system32;C:\WINDOWS;C:\Program Files\Common Files\Oracle\Java\javapath;C:\Users\negre\AppData\Roaming\ActiveState\bin;C:\Program Files (x86)\Common Files\Intel\Shared Libraries\redist\intel64\compiler;C:\Program Files (x86)\Common Files\Oracle\Java\javapath;C:\Windows\system32;C:\Windows;C:\Coq\bin\;C:\Windows\System32\Wbem;C:\Windows\System32\WindowsPowerShell\v1.0\;C:\Windows\System32\OpenSSH\;C:\Program Files (x86)\NVIDIA Corporation\PhysX\Common;C:\Program Files\NVIDIA Corporation\NVIDIA NvDLISR;C:\Program Files\Intel\WiFi\bin\;C:\Program Files\Common Files\Intel\WirelessCommon\;C:\Program Files\Git\cmd;C:\Program Files (x86)\mingw-w64\i686-8.1.0-posix-dwarf-rt_v6-rev0\mingw32\bin;C:\WINDOWS\system32;C:\WINDOWS;C:\WINDOWS\System32\Wbem;C:\WINDOWS\System32\WindowsPowerShell\v1.0\;C:\WINDOWS\System32\OpenSSH\;C:\Users\negre\AppData\Roaming\Microsoft\Windows\Start Menu\Programs\Coq\Coq;C:\Program Files\TortoiseSVN\;C:\Program Files\Polyspace\R2020a\runtime\win64;C:\Program Files\Polyspace\R2020a\bin;C:\Program Files\Polyspace\R2020a\polyspace\bin;C:\Program Files\nodejs\;C:\ProgramData\chocolatey\bin;C:\Users\negre\Downloads\Data;C:\Program Files\Docker\Docker\resources\bin;C:\ProgramData\DockerDesktop\version-bin;C:\Program Files\Java\jdk-16\bin;C:\Program Files\Java\apache-maven-3.8.1\bin;C:\Program Files\Graphviz\bin;C:\Program Files\Java\jdk-16\bin;C:\Users\negre\scoop\shims;C:\Users\negre\AppData\Local\Programs\Python\Python39\Scripts\;C:\Users\negre\AppData\Local\Programs\Python\Python39\;C:\Users\negre\AppData\Local\Microsoft\WindowsApps;C:\Users\negre\AppData\Local\GitHubDesktop\bin;C:\Users\negre\AppData\Local\Programs\Microsoft VS Code\bin;C:\Users\negre\AppData\Local\Microsoft\WindowsApps;C:\Users\negre\AppData\Roaming\Microsoft\Windows\Start Menu\Programs\Coq\Coq;C:\Coq\bin\coqide.exe;C:\Users\negre\AppData\Roaming\npm;;."/>
    <property name="java.vm.info" value="mixed mode, sharing"/>
    <property name="java.vendor" value="Oracle Corporation"/>
    <property name="java.vm.version" value="16+36-2231"/>
    <property name="sun.io.unicode.encoding" value="UnicodeLittle"/>
    <property name="java.class.version" value="60.0"/>
  </properties>
  <testcase name="shouldAnswerWithTrue" classname="fr.l3alr0g.spinel.AppTest" time="0.001"/>
</testsuite>